{
  "stats": {
    "suites": 1,
    "tests": 1,
    "passes": 1,
    "pending": 0,
    "failures": 0,
    "start": "2023-03-28T23:42:54.529Z",
    "end": "2023-03-28T23:42:56.975Z",
    "duration": 2446,
    "testsRegistered": 1,
    "passPercent": 100,
    "pendingPercent": 0,
    "other": 0,
    "hasOther": false,
    "skipped": 0,
    "hasSkipped": false
  },
  "results": [
    {
      "uuid": "16bd2d12-d733-4864-8747-2bb641d0acaa",
      "title": "",
      "fullFile": "/Users/maan/Desktop/CodeceptJS/BusPatrol/test/*/scenario1_test.js",
      "file": "/test/*/scenario1_test.js",
      "beforeHooks": [],
      "afterHooks": [],
      "tests": [],
      "suites": [
        {
          "uuid": "29e7e4d6-b278-4609-9406-9690344ffc37",
          "title": "scenario1",
          "fullFile": "/Users/maan/Desktop/CodeceptJS/BusPatrol/test/*/scenario1_test.js",
          "file": "/test/*/scenario1_test.js",
          "beforeHooks": [
            {
              "title": "\"before all\" hook: codeceptjs.beforeSuite in \"scenario1\"",
              "fullTitle": "scenario1 \"before all\" hook: codeceptjs.beforeSuite in \"scenario1\"",
              "timedOut": false,
              "duration": 2,
              "state": null,
              "speed": null,
              "pass": false,
              "fail": false,
              "pending": false,
              "context": null,
              "code": "scenario.suiteSetup(suite)",
              "err": {},
              "uuid": "2836348a-0d49-4a62-9f11-49057bb6cd97",
              "parentUUID": "29e7e4d6-b278-4609-9406-9690344ffc37",
              "isHook": true,
              "skipped": false
            },
            {
              "title": "\"before each\" hook: codeceptjs.before in \"scenario1\"",
              "fullTitle": "scenario1 \"before each\" hook: codeceptjs.before in \"scenario1\"",
              "timedOut": false,
              "duration": 2331,
              "state": null,
              "speed": null,
              "pass": false,
              "fail": false,
              "pending": false,
              "context": null,
              "code": "scenario.setup(suite)",
              "err": {},
              "uuid": "c3f9eb8d-016e-4178-9474-df78c995f7d3",
              "parentUUID": "29e7e4d6-b278-4609-9406-9690344ffc37",
              "isHook": true,
              "skipped": false
            }
          ],
          "afterHooks": [
            {
              "title": "\"after all\" hook: codeceptjs.afterSuite in \"scenario1\"",
              "fullTitle": "scenario1 \"after all\" hook: codeceptjs.afterSuite in \"scenario1\"",
              "timedOut": false,
              "duration": 1,
              "state": null,
              "speed": null,
              "pass": false,
              "fail": false,
              "pending": false,
              "context": null,
              "code": "scenario.suiteTeardown(suite)",
              "err": {},
              "uuid": "d3233435-eb70-4dfb-bd75-8719608a82a2",
              "parentUUID": "29e7e4d6-b278-4609-9406-9690344ffc37",
              "isHook": true,
              "skipped": false
            },
            {
              "title": "\"after each\" hook: finalize codeceptjs in \"scenario1\"",
              "fullTitle": "scenario1 \"after each\" hook: finalize codeceptjs in \"scenario1\"",
              "timedOut": false,
              "duration": 95,
              "state": null,
              "speed": null,
              "pass": false,
              "fail": false,
              "pending": false,
              "context": null,
              "code": "scenario.teardown(suite)",
              "err": {},
              "uuid": "ccf11318-0bf4-43a3-846c-df99cb6d7959",
              "parentUUID": "29e7e4d6-b278-4609-9406-9690344ffc37",
              "isHook": true,
              "skipped": false
            }
          ],
          "tests": [
            {
              "title": "test something",
              "fullTitle": "scenario1: test something",
              "timedOut": false,
              "duration": 11,
              "state": "passed",
              "speed": "fast",
              "pass": true,
              "fail": false,
              "pending": false,
              "context": null,
              "code": "I }) => {",
              "err": {},
              "uuid": "e624626f-161e-455d-9b41-8090d1f7257c",
              "parentUUID": "29e7e4d6-b278-4609-9406-9690344ffc37",
              "isHook": false,
              "skipped": false
            }
          ],
          "suites": [],
          "passes": [
            "e624626f-161e-455d-9b41-8090d1f7257c"
          ],
          "failures": [],
          "pending": [],
          "skipped": [],
          "duration": 11,
          "root": false,
          "rootEmpty": false,
          "_timeout": 0
        }
      ],
      "passes": [],
      "failures": [],
      "pending": [],
      "skipped": [],
      "duration": 0,
      "root": true,
      "rootEmpty": true,
      "_timeout": 0
    }
  ],
  "meta": {
    "mocha": {
      "version": "10.2.0"
    },
    "mochawesome": {
      "options": {
        "quiet": false,
        "reportFilename": "mochawesome",
        "saveHtml": true,
        "saveJson": true,
        "consoleReporter": "spec",
        "useInlineDiffs": false,
        "code": true
      },
      "version": "7.1.3"
    },
    "marge": {
      "options": {
        "reportDir": "mochawesome_report"
      },
      "version": "6.2.0"
    }
  }
}